New form:
Телефон: 6453243234; Название формы: Форма; Roistat: 100047;
New form:
Телефон: +77564345323; Roistat: 100047;
New form:
Телефон: +73453453453; Roistat: 100047;form_id: contacts-2
New form:
Телефон: +76544544433; Roistat: 100047;form_id: contacts-2
New form:
Телефон: +76544544433; Roistat: 100047;form_id: contacts-2
New form:
Телефон: +76544544433; Roistat: 100047;form_id: contacts-2
New form:
Телефон: +75432343544; Roistat: 100047;form_id: contacts-2
New form:
Телефон: +75445455555; Roistat: 100047;form_id: contacts-2
New form:
Телефон: +74565464566; Roistat: 100047;form_id: contacts-2
New form:
Телефон: +79999999999; Roistat: 100047;form_id: contacts-2
New form:
Телефон: +75454545343; Roistat: 100047;form_id: contacts-2
New form:
Телефон: +77654565456; Roistat: 100047;form_id: contacts-2
New form:
Телефон: +79876545676; Roistat: 100047;form_id: apply-main
New form:
Телефон: +77654565445; Roistat: 100047;form_id: contacts
New form:
Телефон: +76665656666; Roistat: 100047;form_id: contacts
New form:
Телефон: +74554454354; Roistat: 100047;form_id: questionИмя: 5656Текст: dsfdsf
New form:
Телефон: +79876545654; Roistat: 100047;form_id: contacts-2
New form:
Телефон: +79876546543; Roistat: 100047;
New form:
Телефон: +78765434565; Roistat: 100047;form_id: Рассчитать стоимость
New form:
Телефон: +77898765434; Roistat: 100047;form_id: Рассчитать стоимость
